After 0.58s, these clients are still here:
		remaining client pid: 8955 (/System/Library/CoreServices/ControlStrip.app/Contents/MacOS/TouchBarAgent/7FFE12FE-911E-37B5-93FF-EBBCB0F2AA39)
		remaining client pid: 3079 (/usr/bin/login/853C7FA4-B211-397F-BED0-6E19948E9240)
		remaining client pid: 2742 (/System/Library/PrivateFrameworks/Tourist.framework/Versions/A/Resources/touristd/210575F7-6426-35D2-A3D9-2767ABBFAAC8)
		remaining client pid: 2659 (/System/Library/PrivateFrameworks/StorageManagement.framework/Versions/A/Resources/diskspaced/B19F2C91-9D88-3652-8EF8-0D87D942DA74)
		remaining client pid: 1169 (/System/Library/CoreServices/Software Update.app/Contents/Resources/softwareupdate_download_service/BAD9D231-D4AB-31DA-9854-D20F31F8BED9)
		remaining client pid: 552 (/System/Library/Frameworks/Accounts.framework/Versions/A/Support/accountsd/82C7AC47-6AD4-393A-BF96-7B9D66F265D2)
		remaining client pid: 425 (/System/Library/PrivateFrameworks/SoftwareUpdate.framework/Versions/A/Resources/suhelperd/1110082B-E236-332A-958D-16D2A5B532F4)
		remaining client pid: 423 (/System/Library/CoreServices/Software Update.app/Contents/Resources/softwareupdated/73030CB2-A818-3A18-A4F5-48A2B543CAEC)
		remaining client pid: 244 (/System/Library/PrivateFrameworks/InstallerDiagnostics.framework/Versions/A/Resources/installerdiagd/7ECE44BB-3129-398C-9A05-35332194F82B)
		remaining client pid: 121 (/System/Library/PrivateFrameworks/SkyLight.framework/Versions/A/Resources/WindowServer/719E9679-9EC1-3C42-B63B-9CDC68029956)
		remaining client pid: 71 (/usr/sbin/securityd/36EEEB97-7B5D-3040-9B70-860D2AC4E508)
		remaining client pid: 0 (/kernel/D3314D98-5D40-3CD8-98A4-F1DD46C20E03)
After 1.08s, these clients are still here:
		remaining client pid: 3079 (/usr/bin/login/853C7FA4-B211-397F-BED0-6E19948E9240)
		remaining client pid: 2742 (/System/Library/PrivateFrameworks/Tourist.framework/Versions/A/Resources/touristd/210575F7-6426-35D2-A3D9-2767ABBFAAC8)
		remaining client pid: 2659 (/System/Library/PrivateFrameworks/StorageManagement.framework/Versions/A/Resources/diskspaced/B19F2C91-9D88-3652-8EF8-0D87D942DA74)
		remaining client pid: 1169 (/System/Library/CoreServices/Software Update.app/Contents/Resources/softwareupdate_download_service/BAD9D231-D4AB-31DA-9854-D20F31F8BED9)
		remaining client pid: 552 (/System/Library/Frameworks/Accounts.framework/Versions/A/Support/accountsd/82C7AC47-6AD4-393A-BF96-7B9D66F265D2)
		remaining client pid: 425 (/System/Library/PrivateFrameworks/SoftwareUpdate.framework/Versions/A/Resources/suhelperd/1110082B-E236-332A-958D-16D2A5B532F4)
		remaining client pid: 423 (/System/Library/CoreServices/Software Update.app/Contents/Resources/softwareupdated/73030CB2-A818-3A18-A4F5-48A2B543CAEC)
		remaining client pid: 244 (/System/Library/PrivateFrameworks/InstallerDiagnostics.framework/Versions/A/Resources/installerdiagd/7ECE44BB-3129-398C-9A05-35332194F82B)
		remaining client pid: 71 (/usr/sbin/securityd/36EEEB97-7B5D-3040-9B70-860D2AC4E508)
		remaining client pid: 0 (/kernel/D3314D98-5D40-3CD8-98A4-F1DD46C20E03)
After 1.58s, these clients are still here:
		remaining client pid: 0 (/kernel/D3314D98-5D40-3CD8-98A4-F1DD46C20E03)
SIGTERM: [1543398417] All buffers flushed
After 0.58s, these clients are still here:
		remaining client pid: 3270 (/System/Library/CoreServices/ControlStrip.app/Contents/MacOS/TouchBarAgent/7FFE12FE-911E-37B5-93FF-EBBCB0F2AA39)
		remaining client pid: 3255 (/System/Library/PrivateFrameworks/SkyLight.framework/Versions/A/Resources/WindowServer/719E9679-9EC1-3C42-B63B-9CDC68029956)
		remaining client pid: 347 (/System/Library/PrivateFrameworks/PackageKit.framework/Versions/A/Resources/system_installd/3F11A0C2-F4F9-3293-BD04-64D9E50EC694)
		remaining client pid: 185 (/System/Library/Frameworks/CoreServices.framework/Versions/A/Frameworks/Metadata.framework/Versions/A/Support/mds_stores/AB2A1889-1F95-3828-9984-91683C9EED69)
		remaining client pid: 60 (/System/Library/Frameworks/CoreServices.framework/Versions/A/Frameworks/Metadata.framework/Versions/A/Support/mds/6B268B49-C154-30E2-9F5B-A0804592C79E)
		remaining client pid: 159 (/usr/sbin/coreaudiod/B319AFF5-1A11-3AFB-AB8F-768D93658E7D)
		remaining client pid: 68 (/usr/libexec/diskarbitrationd/96464C98-0FB6-3802-AE88-E5041427553C)
		remaining client pid: 0 (/kernel/D3314D98-5D40-3CD8-98A4-F1DD46C20E03)
After 1.08s, these clients are still here:
		remaining client pid: 0 (/kernel/D3314D98-5D40-3CD8-98A4-F1DD46C20E03)
SIGTERM: [1543400948] All buffers flushed
After 0.55s, these clients are still here:
		remaining client pid: 285 (/usr/libexec/languageassetd/786A9AB3-1C29-3000-98EE-BEAA11A6710D)
		remaining client pid: 206 (/System/Library/Frameworks/CoreServices.framework/Versions/A/Frameworks/Metadata.framework/Versions/A/Support/mds_stores/515747B2-19DD-3F4E-AC1A-2D76C300CA35)
		remaining client pid: 65 (/System/Library/Frameworks/CoreServices.framework/Versions/A/Frameworks/Metadata.framework/Versions/A/Support/mds/152D6127-0534-34A8-9C7E-01CCE0194053)
		remaining client pid: 141 (/System/Library/PrivateFrameworks/SkyLight.framework/Versions/A/Resources/WindowServer/A66E76B0-9AAA-3F28-AAFB-1DE5DF65CF7A)
		remaining client pid: 73 (/usr/libexec/diskarbitrationd/96464C98-0FB6-3802-AE88-E5041427553C)
		remaining client pid: 0 (/kernel/D11E7D64-5C78-3A0C-B818-8A9709643BB0)
After 1.05s, these clients are still here:
		remaining client pid: 0 (/kernel/D11E7D64-5C78-3A0C-B818-8A9709643BB0)
SIGTERM: [1543402716] All buffers flushed
After 0.66s, these clients are still here:
		remaining client pid: 93047 (/System/Library/CoreServices/cloudphotosd.app/Contents/MacOS/cloudphotosd/62DAF4FC-84E0-31D6-B44C-40BEAC285F3C)
		remaining client pid: 80655 (/System/Library/PrivateFrameworks/Tourist.framework/Versions/A/Resources/touristd/64E9FE47-2B69-3DAF-819F-401F5F07EECF)
		remaining client pid: 492 (/usr/libexec/languageassetd/2FF737C5-9FA8-3AFB-989D-4A0CEF935542)
		remaining client pid: 207 (/System/Library/PrivateFrameworks/SkyLight.framework/Versions/A/Resources/WindowServer/B1821219-03F5-3A49-B897-8E9D1DEB634D)
		remaining client pid: 0 (/kernel/5D53F7E4-472A-369D-97D8-4DD877A4BDFF)
SIGTERM: [1544616574] All buffers flushed
After 0.64s, these clients are still here:
		remaining client pid: 2458 (/usr/libexec/rtcreportingd/A37EB613-CF6C-31AB-9BD0-7F87CE95CE6F)
		remaining client pid: 792 (/usr/bin/sudo/3F2680B9-0FD8-375D-AE1A-CFC7BE10F240)
		remaining client pid: 186 (/System/Library/PrivateFrameworks/SkyLight.framework/Versions/A/Resources/WindowServer/B1821219-03F5-3A49-B897-8E9D1DEB634D)
		remaining client pid: 84 (/usr/sbin/securityd/35A73E3F-297E-3283-BDA6-2F8405EA717B)
		remaining client pid: 0 (/kernel/5D53F7E4-472A-369D-97D8-4DD877A4BDFF)
SIGTERM: [1545653570] All buffers flushed
After 0.65s, these clients are still here:
		remaining client pid: 29708 (/usr/libexec/rtcreportingd/A37EB613-CF6C-31AB-9BD0-7F87CE95CE6F)
		remaining client pid: 18340 (/System/Library/CoreServices/SafariSupport.bundle/Contents/MacOS/SafariBookmarksSyncAgent/447DA83E-B0C2-3882-B3E8-9DF0FBAE6BB2)
		remaining client pid: 16801 (/usr/local/Cellar/node/11.3.0/bin/node/226A2D25-B5C6-37D8-AFC1-52A111C16E21)
		remaining client pid: 16792 (/usr/local/Cellar/node/11.3.0/bin/node/226A2D25-B5C6-37D8-AFC1-52A111C16E21)
		remaining client pid: 10823 (/usr/libexec/knowledge-agent/DD794A4E-6B81-3310-8BCF-B504A075837D)
		remaining client pid: 7753 (/System/Library/PrivateFrameworks/ContactsDonation.framework/Versions/A/Support/contactsdonationagent/CCE8F72E-7675-3D9C-9C3A-AD443417D3C4)
		remaining client pid: 871 (/usr/bin/sudo/3F2680B9-0FD8-375D-AE1A-CFC7BE10F240)
		remaining client pid: 190 (/System/Library/PrivateFrameworks/SkyLight.framework/Versions/A/Resources/WindowServer/B1821219-03F5-3A49-B897-8E9D1DEB634D)
		remaining client pid: 84 (/usr/sbin/securityd/35A73E3F-297E-3283-BDA6-2F8405EA717B)
		remaining client pid: 0 (/kernel/5D53F7E4-472A-369D-97D8-4DD877A4BDFF)
SIGTERM: [1548335320] All buffers flushed
After 0.60s, these clients are still here:
		remaining client pid: 0 (/kernel/5D53F7E4-472A-369D-97D8-4DD877A4BDFF)
SIGTERM: [1551001612] All buffers flushed
After 0.66s, these clients are still here:
		remaining client pid: 1116 (/usr/bin/sudo/178E7242-7135-3689-B56A-E30F4E0B4394)
		remaining client pid: 606 (/System/Library/PrivateFrameworks/ContactsDonation.framework/Versions/A/Support/contactsdonationagent/D57C76F2-F8C6-372E-B067-ADF9069B0E15)
		remaining client pid: 486 (/System/Library/PrivateFrameworks/AuthKit.framework/Versions/A/Support/akd/7B027A54-5636-343A-ACF3-17AF4A0F0A3F)
		remaining client pid: 447 (/usr/libexec/languageassetd/71A5CA5C-7E24-3FBF-A931-C333D3E2E135)
		remaining client pid: 203 (/usr/libexec/rtcreportingd/F9F917DE-1470-3E82-8542-80D133E9DC30)
		remaining client pid: 86 (/usr/sbin/securityd/BCF8DFCF-AEC7-392B-BC8E-E1E493340AF5)
		remaining client pid: 0 (/kernel/1970B070-E53F-3178-83F3-1B95FA340695)
SIGTERM: [1553453005] All buffers flushed
After 0.80s, these clients are still here:
		remaining client pid: 41749 (/System/Library/PrivateFrameworks/CoreSuggestions.framework/Versions/A/Support/suggestd/9BA82F6B-47F8-3E41-80D2-75CA7C8DCF0B)
		remaining client pid: 39023 (/System/Library/PrivateFrameworks/AuthKit.framework/Versions/A/Support/akd/7B027A54-5636-343A-ACF3-17AF4A0F0A3F)
		remaining client pid: 37279 (/System/Library/CoreServices/SafariSupport.bundle/Contents/MacOS/SafariBookmarksSyncAgent/F9D4C000-BF48-36A5-B97B-564C0A66D539)
		remaining client pid: 864 (/usr/bin/sudo/178E7242-7135-3689-B56A-E30F4E0B4394)
		remaining client pid: 829 (/usr/libexec/rtcreportingd/F9F917DE-1470-3E82-8542-80D133E9DC30)
		remaining client pid: 84 (/usr/sbin/securityd/BCF8DFCF-AEC7-392B-BC8E-E1E493340AF5)
		remaining client pid: 0 (/kernel/1970B070-E53F-3178-83F3-1B95FA340695)
SIGTERM: [1555490133] All buffers flushed
After 0.62s, these clients are still here:
		remaining client pid: 6845 (/System/Library/CoreServices/Software Update.app/Contents/Resources/softwareupdate_download_service/E9BFEFEC-4D7C-31EF-9E94-18F2D0549175)
		remaining client pid: 1046 (/usr/bin/sudo/178E7242-7135-3689-B56A-E30F4E0B4394)
		remaining client pid: 920 (/usr/libexec/rtcreportingd/F9F917DE-1470-3E82-8542-80D133E9DC30)
		remaining client pid: 746 (/System/Library/CoreServices/Software Update.app/Contents/Resources/suhelperd/95B84BC1-8DD6-3185-ABAB-FA49D5874F04)
		remaining client pid: 745 (/System/Library/CoreServices/Software Update.app/Contents/Resources/softwareupdated/8BEBE48D-209C-3F34-93D2-2AD437D9E29F)
		remaining client pid: 72 (/usr/libexec/diskarbitrationd/6A57BB14-2FB6-3420-ABDA-429D1991CFE3)
		remaining client pid: 84 (/usr/sbin/securityd/BCF8DFCF-AEC7-392B-BC8E-E1E493340AF5)
		remaining client pid: 0 (/kernel/1970B070-E53F-3178-83F3-1B95FA340695)
SIGTERM: [1560763415] All buffers flushed
After 0.66s, these clients are still here:
		remaining client pid: 1004 (/usr/bin/sudo/68F3D49C-E9F5-321E-963D-ECC971F9F3A4)
		remaining client pid: 551 (/System/Library/PrivateFrameworks/AppStoreDaemon.framework/Support/appstoreagent/6BD9292F-292B-374A-AC77-82272E21B926)
		remaining client pid: 336 (/usr/libexec/languageassetd/A759B1F9-273C-3048-AB0B-A20E4092E144)
		remaining client pid: 86 (/usr/sbin/securityd/4C5D4084-7C02-3F87-A279-13EA5C7A3DEC)
		remaining client pid: 0 (/kernel/7C8BB636-E593-3CE4-8528-9BD24A688851)
After 1.16s, these clients are still here:
		remaining client pid: 0 (/kernel/7C8BB636-E593-3CE4-8528-9BD24A688851)
SIGTERM: [1561276286] All buffers flushed
After 0.65s, these clients are still here:
		remaining client pid: 96488 (/Applications/Opera.app/Contents/Versions/62.0.3331.18/Opera Framework.framework/Versions/A/Helpers/opera_autoupdate/525CC4DD-8BBD-3BEB-9CF5-C5F1747404C9)
		remaining client pid: 10219 (/Applications/Opera.app/Contents/Versions/62.0.3331.18/Opera Framework.framework/Versions/A/Helpers/chrome_crashpad_handler/11D5EAB3-D3C0-39C7-92F8-E0A6088159D5)
		remaining client pid: 640 (/usr/bin/sudo/68F3D49C-E9F5-321E-963D-ECC971F9F3A4)
		remaining client pid: 60 (/Library/PostgreSQL/10/bin/postgres/2DF6980D-71FA-30A9-8C4A-76010C483EEC)
		remaining client pid: 84 (/usr/sbin/securityd/4C5D4084-7C02-3F87-A279-13EA5C7A3DEC)
		remaining client pid: 0 (/kernel/7C8BB636-E593-3CE4-8528-9BD24A688851)
SIGTERM: [1562502338] All buffers flushed
After 0.70s, these clients are still here:
		remaining client pid: 933 (/usr/bin/sudo/68F3D49C-E9F5-321E-963D-ECC971F9F3A4)
		remaining client pid: 85 (/usr/sbin/securityd/4C5D4084-7C02-3F87-A279-13EA5C7A3DEC)
		remaining client pid: 0 (/kernel/7C8BB636-E593-3CE4-8528-9BD24A688851)
SIGTERM: [1563808590] All buffers flushed
After 0.69s, these clients are still here:
		remaining client pid: 14816 (/System/Library/Frameworks/WebKit.framework/Versions/A/XPCServices/com.apple.WebKit.Networking.xpc/Contents/MacOS/com.apple.WebKit.Networking/6C999B48-1396-3FEA-93FF-1DD0128C619F)
		remaining client pid: 9203 (/usr/libexec/rtcreportingd/515E5F7D-E4FA-3DE2-82CA-4CA3F6D53901)
		remaining client pid: 9181 (/System/Library/CoreServices/Software Update.app/Contents/Resources/softwareupdate_download_service/EDD1B365-A737-38CB-B6F6-38B05901AA94)
		remaining client pid: 994 (/usr/bin/sudo/68F3D49C-E9F5-321E-963D-ECC971F9F3A4)
		remaining client pid: 647 (/System/Library/CoreServices/Software Update.app/Contents/Resources/suhelperd/E55E5510-4223-3253-93F1-6C06B1EA34E8)
		remaining client pid: 646 (/System/Library/CoreServices/Software Update.app/Contents/Resources/softwareupdated/69A2E544-FEFE-331C-AA27-AB65A86B2D0C)
		remaining client pid: 496 (/System/Library/PrivateFrameworks/AuthKit.framework/Versions/A/Support/akd/76ADA250-A8DB-37A7-9AD5-F5E2ED17AD79)
		remaining client pid: 72 (/usr/libexec/diskarbitrationd/368C5892-F3E0-3B09-862B-516775587A5C)
		remaining client pid: 85 (/usr/sbin/securityd/4C5D4084-7C02-3F87-A279-13EA5C7A3DEC)
		remaining client pid: 0 (/kernel/7C8BB636-E593-3CE4-8528-9BD24A688851)
SIGTERM: [1566484835] All buffers flushed
After 0.63s, these clients are still here:
		remaining client pid: 1164 (/usr/bin/sudo/68F3D49C-E9F5-321E-963D-ECC971F9F3A4)
		remaining client pid: 85 (/usr/sbin/securityd/4C5D4084-7C02-3F87-A279-13EA5C7A3DEC)
		remaining client pid: 0 (/kernel/7C8BB636-E593-3CE4-8528-9BD24A688851)
SIGTERM: [1566485814] All buffers flushed
After 0.70s, these clients are still here:
		remaining client pid: 72039 (/Library/PostgreSQL/10/bin/postgres/2DF6980D-71FA-30A9-8C4A-76010C483EEC)
		remaining client pid: 32430 (/System/Library/Frameworks/WebKit.framework/Versions/A/XPCServices/com.apple.WebKit.Networking.xpc/Contents/MacOS/com.apple.WebKit.Networking/6C999B48-1396-3FEA-93FF-1DD0128C619F)
		remaining client pid: 19034 (/usr/libexec/rtcreportingd/515E5F7D-E4FA-3DE2-82CA-4CA3F6D53901)
		remaining client pid: 844 (/usr/bin/sudo/68F3D49C-E9F5-321E-963D-ECC971F9F3A4)
		remaining client pid: 85 (/usr/sbin/securityd/4C5D4084-7C02-3F87-A279-13EA5C7A3DEC)
		remaining client pid: 0 (/kernel/7C8BB636-E593-3CE4-8528-9BD24A688851)
SIGTERM: [1566898495] All buffers flushed
After 0.69s, these clients are still here:
		remaining client pid: 4890 (/Library/PostgreSQL/10/bin/postgres/2DF6980D-71FA-30A9-8C4A-76010C483EEC)
		remaining client pid: 1016 (/usr/bin/sudo/68F3D49C-E9F5-321E-963D-ECC971F9F3A4)
		remaining client pid: 85 (/usr/sbin/securityd/4C5D4084-7C02-3F87-A279-13EA5C7A3DEC)
		remaining client pid: 0 (/kernel/7C8BB636-E593-3CE4-8528-9BD24A688851)
SIGTERM: [1567331890] All buffers flushed
After 0.61s, these clients are still here:
		remaining client pid: 1213 (/usr/bin/sudo/68F3D49C-E9F5-321E-963D-ECC971F9F3A4)
		remaining client pid: 605 (/System/Library/PrivateFrameworks/SafariSafeBrowsing.framework/Versions/A/com.apple.Safari.SafeBrowsing.Service/D76DBEC7-0EBB-37F8-979F-BA32E7016E06)
		remaining client pid: 88 (/usr/libexec/locationd/DAF6E525-A050-3C3C-9DA4-9395D479DD9F)
		remaining client pid: 85 (/usr/sbin/securityd/4C5D4084-7C02-3F87-A279-13EA5C7A3DEC)
		remaining client pid: 0 (/kernel/7C8BB636-E593-3CE4-8528-9BD24A688851)
After 1.12s, these clients are still here:
		remaining client pid: 0 (/kernel/7C8BB636-E593-3CE4-8528-9BD24A688851)
SIGTERM: [1567410355] All buffers flushed
After 0.69s, these clients are still here:
		remaining client pid: 10088 (/usr/libexec/rtcreportingd/515E5F7D-E4FA-3DE2-82CA-4CA3F6D53901)
		remaining client pid: 7029 (/System/Library/CoreServices/Software Update.app/Contents/Resources/softwareupdate_download_service/EDD1B365-A737-38CB-B6F6-38B05901AA94)
		remaining client pid: 1954 (/usr/bin/sudo/68F3D49C-E9F5-321E-963D-ECC971F9F3A4)
		remaining client pid: 1304 (/System/Library/PrivateFrameworks/SafariSafeBrowsing.framework/Versions/A/com.apple.Safari.SafeBrowsing.Service/D76DBEC7-0EBB-37F8-979F-BA32E7016E06)
		remaining client pid: 716 (/System/Library/CoreServices/Software Update.app/Contents/Resources/suhelperd/E55E5510-4223-3253-93F1-6C06B1EA34E8)
		remaining client pid: 715 (/System/Library/CoreServices/Software Update.app/Contents/Resources/softwareupdated/69A2E544-FEFE-331C-AA27-AB65A86B2D0C)
		remaining client pid: 72 (/usr/libexec/diskarbitrationd/368C5892-F3E0-3B09-862B-516775587A5C)
		remaining client pid: 85 (/usr/sbin/securityd/4C5D4084-7C02-3F87-A279-13EA5C7A3DEC)
		remaining client pid: 0 (/kernel/7C8BB636-E593-3CE4-8528-9BD24A688851)
SIGTERM: [1569337250] All buffers flushed
After 0.68s, these clients are still here:
		remaining client pid: 12913 (/System/Library/CoreServices/Software Update.app/Contents/Resources/softwareupdate_download_service/EDD1B365-A737-38CB-B6F6-38B05901AA94)
		remaining client pid: 1218 (/usr/libexec/rtcreportingd/515E5F7D-E4FA-3DE2-82CA-4CA3F6D53901)
		remaining client pid: 1154 (/usr/bin/sudo/68F3D49C-E9F5-321E-963D-ECC971F9F3A4)
		remaining client pid: 793 (/System/Library/CoreServices/Software Update.app/Contents/Resources/suhelperd/E55E5510-4223-3253-93F1-6C06B1EA34E8)
		remaining client pid: 792 (/System/Library/CoreServices/Software Update.app/Contents/Resources/softwareupdated/69A2E544-FEFE-331C-AA27-AB65A86B2D0C)
		remaining client pid: 423 (/System/Library/PrivateFrameworks/TCC.framework/Versions/A/Resources/tccd/DAC58BCD-EB94-3365-AAFC-3EF81437C756)
		remaining client pid: 230 (/System/Library/Frameworks/CoreServices.framework/Versions/A/Frameworks/Metadata.framework/Versions/A/Support/mds_stores/044A1A8E-72B4-38E4-865E-4594DBC21D1E)
		remaining client pid: 70 (/System/Library/Frameworks/CoreServices.framework/Versions/A/Frameworks/Metadata.framework/Versions/A/Support/mds/9711AF23-67BE-3EC2-B088-B33993503B46)
		remaining client pid: 72 (/usr/libexec/diskarbitrationd/368C5892-F3E0-3B09-862B-516775587A5C)
		remaining client pid: 85 (/usr/sbin/securityd/4C5D4084-7C02-3F87-A279-13EA5C7A3DEC)
		remaining client pid: 0 (/kernel/7C8BB636-E593-3CE4-8528-9BD24A688851)
After 1.18s, these clients are still here:
		remaining client pid: 12913 (/System/Library/CoreServices/Software Update.app/Contents/Resources/softwareupdate_download_service/EDD1B365-A737-38CB-B6F6-38B05901AA94)
		remaining client pid: 1218 (/usr/libexec/rtcreportingd/515E5F7D-E4FA-3DE2-82CA-4CA3F6D53901)
		remaining client pid: 1154 (/usr/bin/sudo/68F3D49C-E9F5-321E-963D-ECC971F9F3A4)
		remaining client pid: 793 (/System/Library/CoreServices/Software Update.app/Contents/Resources/suhelperd/E55E5510-4223-3253-93F1-6C06B1EA34E8)
		remaining client pid: 792 (/System/Library/CoreServices/Software Update.app/Contents/Resources/softwareupdated/69A2E544-FEFE-331C-AA27-AB65A86B2D0C)
		remaining client pid: 423 (/System/Library/PrivateFrameworks/TCC.framework/Versions/A/Resources/tccd/DAC58BCD-EB94-3365-AAFC-3EF81437C756)
		remaining client pid: 230 (/System/Library/Frameworks/CoreServices.framework/Versions/A/Frameworks/Metadata.framework/Versions/A/Support/mds_stores/044A1A8E-72B4-38E4-865E-4594DBC21D1E)
		remaining client pid: 70 (/System/Library/Frameworks/CoreServices.framework/Versions/A/Frameworks/Metadata.framework/Versions/A/Support/mds/9711AF23-67BE-3EC2-B088-B33993503B46)
		remaining client pid: 72 (/usr/libexec/diskarbitrationd/368C5892-F3E0-3B09-862B-516775587A5C)
		remaining client pid: 85 (/usr/sbin/securityd/4C5D4084-7C02-3F87-A279-13EA5C7A3DEC)
		remaining client pid: 0 (/kernel/7C8BB636-E593-3CE4-8528-9BD24A688851)
After 1.68s, these clients are still here:
		remaining client pid: 12913 (/System/Library/CoreServices/Software Update.app/Contents/Resources/softwareupdate_download_service/EDD1B365-A737-38CB-B6F6-38B05901AA94)
		remaining client pid: 1218 (/usr/libexec/rtcreportingd/515E5F7D-E4FA-3DE2-82CA-4CA3F6D53901)
		remaining client pid: 1154 (/usr/bin/sudo/68F3D49C-E9F5-321E-963D-ECC971F9F3A4)
		remaining client pid: 793 (/System/Library/CoreServices/Software Update.app/Contents/Resources/suhelperd/E55E5510-4223-3253-93F1-6C06B1EA34E8)
		remaining client pid: 792 (/System/Library/CoreServices/Software Update.app/Contents/Resources/softwareupdated/69A2E544-FEFE-331C-AA27-AB65A86B2D0C)
		remaining client pid: 72 (/usr/libexec/diskarbitrationd/368C5892-F3E0-3B09-862B-516775587A5C)
		remaining client pid: 85 (/usr/sbin/securityd/4C5D4084-7C02-3F87-A279-13EA5C7A3DEC)
		remaining client pid: 0 (/kernel/7C8BB636-E593-3CE4-8528-9BD24A688851)
After 2.18s, these clients are still here:
		remaining client pid: 0 (/kernel/7C8BB636-E593-3CE4-8528-9BD24A688851)
SIGTERM: [1570443554] All buffers flushed
After 0.67s, these clients are still here:
		remaining client pid: 1333 (/usr/bin/sudo/68F3D49C-E9F5-321E-963D-ECC971F9F3A4)
		remaining client pid: 85 (/usr/sbin/securityd/4C5D4084-7C02-3F87-A279-13EA5C7A3DEC)
		remaining client pid: 0 (/kernel/7C8BB636-E593-3CE4-8528-9BD24A688851)
SIGTERM: [1570686447] All buffers flushed
After 0.67s, these clients are still here:
		remaining client pid: 74749 (/System/Library/PrivateFrameworks/CoreParsec.framework/parsec-fbf/6813435F-D786-339B-82BB-F56B3C75BB48)
		remaining client pid: 1367 (/usr/bin/sudo/68F3D49C-E9F5-321E-963D-ECC971F9F3A4)
		remaining client pid: 926 (/System/Library/PrivateFrameworks/TCC.framework/Versions/A/Resources/tccd/DAC58BCD-EB94-3365-AAFC-3EF81437C756)
		remaining client pid: 560 (/System/Library/CoreServices/Software Update.app/Contents/Resources/suhelperd/E55E5510-4223-3253-93F1-6C06B1EA34E8)
		remaining client pid: 542 (/System/Library/CoreServices/Software Update.app/Contents/Resources/softwareupdated/69A2E544-FEFE-331C-AA27-AB65A86B2D0C)
		remaining client pid: 231 (/System/Library/Frameworks/CoreServices.framework/Versions/A/Frameworks/Metadata.framework/Versions/A/Support/mds_stores/044A1A8E-72B4-38E4-865E-4594DBC21D1E)
		remaining client pid: 70 (/System/Library/Frameworks/CoreServices.framework/Versions/A/Frameworks/Metadata.framework/Versions/A/Support/mds/9711AF23-67BE-3EC2-B088-B33993503B46)
		remaining client pid: 72 (/usr/libexec/diskarbitrationd/368C5892-F3E0-3B09-862B-516775587A5C)
		remaining client pid: 85 (/usr/sbin/securityd/4C5D4084-7C02-3F87-A279-13EA5C7A3DEC)
		remaining client pid: 0 (/kernel/7C8BB636-E593-3CE4-8528-9BD24A688851)
SIGTERM: [1572259212] All buffers flushed
After 0.60s, these clients are still here:
		remaining client pid: 15014 (/System/Library/CoreServices/Software Update.app/Contents/Resources/softwareupdate_download_service/EDD1B365-A737-38CB-B6F6-38B05901AA94)
		remaining client pid: 10761 (/usr/libexec/rtcreportingd/515E5F7D-E4FA-3DE2-82CA-4CA3F6D53901)
		remaining client pid: 1171 (/usr/bin/sudo/68F3D49C-E9F5-321E-963D-ECC971F9F3A4)
		remaining client pid: 705 (/System/Library/CoreServices/Software Update.app/Contents/Resources/suhelperd/E55E5510-4223-3253-93F1-6C06B1EA34E8)
		remaining client pid: 704 (/System/Library/CoreServices/Software Update.app/Contents/Resources/softwareupdated/69A2E544-FEFE-331C-AA27-AB65A86B2D0C)
		remaining client pid: 88 (/usr/libexec/locationd/DAF6E525-A050-3C3C-9DA4-9395D479DD9F)
		remaining client pid: 72 (/usr/libexec/diskarbitrationd/368C5892-F3E0-3B09-862B-516775587A5C)
		remaining client pid: 85 (/usr/sbin/securityd/4C5D4084-7C02-3F87-A279-13EA5C7A3DEC)
		remaining client pid: 0 (/kernel/7C8BB636-E593-3CE4-8528-9BD24A688851)
After 1.10s, these clients are still here:
		remaining client pid: 0 (/kernel/7C8BB636-E593-3CE4-8528-9BD24A688851)
SIGTERM: [1573553892] All buffers flushed
After 0.59s, these clients are still here:
		remaining client pid: 3787 (/System/Library/CoreServices/Software Update.app/Contents/Resources/softwareupdate_download_service/9D823129-3869-3BD7-9FBF-8A648CAB58FC)
		remaining client pid: 1849 (/usr/bin/sudo/68F3D49C-E9F5-321E-963D-ECC971F9F3A4)
		remaining client pid: 612 (/usr/libexec/languageassetd/A759B1F9-273C-3048-AB0B-A20E4092E144)
		remaining client pid: 250 (/usr/libexec/rtcreportingd/BA6C6932-7A4F-3D7B-B94B-F80098809679)
		remaining client pid: 245 (/System/Library/CoreServices/Software Update.app/Contents/Resources/suhelperd/B78FC233-6C0E-3F34-BA91-ACAB3E8534CB)
		remaining client pid: 244 (/System/Library/CoreServices/Software Update.app/Contents/Resources/softwareupdated/B2042329-3D74-3E3D-9C2A-6BEE2DF8388C)
		remaining client pid: 74 (/usr/libexec/diskarbitrationd/368C5892-F3E0-3B09-862B-516775587A5C)
		remaining client pid: 87 (/usr/sbin/securityd/80A37D82-96EA-3257-8EFE-19B4E7A39E48)
		remaining client pid: 0 (/kernel/C41337A1-0EC3-3896-A954-A1F85E849D53)
SIGTERM: [1575464450] All buffers flushed
After 0.62s, these clients are still here:
		remaining client pid: 1311 (/usr/bin/sudo/68F3D49C-E9F5-321E-963D-ECC971F9F3A4)
		remaining client pid: 634 (/usr/libexec/languageassetd/A759B1F9-273C-3048-AB0B-A20E4092E144)
		remaining client pid: 252 (/usr/libexec/rtcreportingd/BA6C6932-7A4F-3D7B-B94B-F80098809679)
		remaining client pid: 87 (/usr/sbin/securityd/CF49170F-F9C6-3B96-A6B5-1B7B2AE49B32)
		remaining client pid: 0 (/kernel/DFB5D0E2-3B41-3647-A48B-D704AFCC06B4)
SIGTERM: [1575471113] All buffers flushed
After 0.70s, these clients are still here:
		remaining client pid: 13860 (/usr/libexec/microstackshot/3FEE4599-53B4-3897-939F-0E4F63E4E8D3)
		remaining client pid: 2383 (/usr/bin/sudo/1307A12A-42E3-3C3B-8711-90D4B0A14F07)
		remaining client pid: 784 (/System/Library/PrivateFrameworks/ContactsDonation.framework/Versions/A/Support/contactsdonationagent/59E4492D-59E8-31DB-9A94-F77F439F31EA)
		remaining client pid: 715 (/System/Library/PrivateFrameworks/ProtectedCloudStorage.framework/Helpers/ProtectedCloudKeySyncing/7619B912-F33C-3762-BB39-5D8D8B64ABE8)
		remaining client pid: 732 (/System/Library/Frameworks/CoreServices.framework/Versions/A/Frameworks/Metadata.framework/Versions/A/Support/corespotlightd/2FDF91F0-2AE0-3C6D-94B7-84D05EDA480C)
		remaining client pid: 137 (/usr/sbin/securityd/F9E372B6-5030-33F1-88B0-816D99A8C483)
		remaining client pid: 0 (/kernel/7503CD47-851F-321E-8747-50DB4299165F)
After 1.20s, these clients are still here:
		remaining client pid: 0 (/kernel/7503CD47-851F-321E-8747-50DB4299165F)
SIGTERM: [1575882871] All buffers flushed
After 0.69s, these clients are still here:
		remaining client pid: 16566 (/usr/libexec/secd/7AE93A11-EB87-3C94-A4A9-2BAB634EFE25)
		remaining client pid: 11867 (/System/Library/PrivateFrameworks/Tourist.framework/Versions/A/Resources/touristd/E490939F-6EAB-3BF1-B6AF-F9E7173E086C)
		remaining client pid: 54590 (/usr/libexec/swcd/CEB4C66D-9E1E-3DFF-A1CC-27EE58A11CEC)
		remaining client pid: 2038 (/System/Library/PrivateFrameworks/ContactsDonation.framework/Versions/A/Support/contactsdonationagent/59E4492D-59E8-31DB-9A94-F77F439F31EA)
		remaining client pid: 1180 (/usr/bin/sudo/1307A12A-42E3-3C3B-8711-90D4B0A14F07)
		remaining client pid: 654 (/System/Library/Frameworks/CoreServices.framework/Versions/A/Frameworks/Metadata.framework/Versions/A/Support/corespotlightd/2FDF91F0-2AE0-3C6D-94B7-84D05EDA480C)
		remaining client pid: 624 (/System/Library/PrivateFrameworks/UserActivity.framework/Agents/useractivityd/13DEBB73-9AAD-3D2C-A7D2-C8FBF30D3661)
		remaining client pid: 573 (/System/Library/PrivateFrameworks/AuthKit.framework/Versions/A/Support/akd/835D3944-AF12-381E-B1B1-8075042E0FDB)
		remaining client pid: 566 (/System/Library/PrivateFrameworks/CoreCDP.framework/Versions/A/Resources/cdpd/7DFAA90C-95CC-3784-A8C9-32B369CBD8D5)
		remaining client pid: 135 (/usr/sbin/securityd/F9E372B6-5030-33F1-88B0-816D99A8C483)
		remaining client pid: 0 (/kernel/7503CD47-851F-321E-8747-50DB4299165F)
After 1.20s, these clients are still here:
		remaining client pid: 16566 (/usr/libexec/secd/7AE93A11-EB87-3C94-A4A9-2BAB634EFE25)
		remaining client pid: 11867 (/System/Library/PrivateFrameworks/Tourist.framework/Versions/A/Resources/touristd/E490939F-6EAB-3BF1-B6AF-F9E7173E086C)
		remaining client pid: 54590 (/usr/libexec/swcd/CEB4C66D-9E1E-3DFF-A1CC-27EE58A11CEC)
		remaining client pid: 2038 (/System/Library/PrivateFrameworks/ContactsDonation.framework/Versions/A/Support/contactsdonationagent/59E4492D-59E8-31DB-9A94-F77F439F31EA)
		remaining client pid: 1180 (/usr/bin/sudo/1307A12A-42E3-3C3B-8711-90D4B0A14F07)
		remaining client pid: 654 (/System/Library/Frameworks/CoreServices.framework/Versions/A/Frameworks/Metadata.framework/Versions/A/Support/corespotlightd/2FDF91F0-2AE0-3C6D-94B7-84D05EDA480C)
		remaining client pid: 624 (/System/Library/PrivateFrameworks/UserActivity.framework/Agents/useractivityd/13DEBB73-9AAD-3D2C-A7D2-C8FBF30D3661)
		remaining client pid: 573 (/System/Library/PrivateFrameworks/AuthKit.framework/Versions/A/Support/akd/835D3944-AF12-381E-B1B1-8075042E0FDB)
		remaining client pid: 566 (/System/Library/PrivateFrameworks/CoreCDP.framework/Versions/A/Resources/cdpd/7DFAA90C-95CC-3784-A8C9-32B369CBD8D5)
		remaining client pid: 135 (/usr/sbin/securityd/F9E372B6-5030-33F1-88B0-816D99A8C483)
		remaining client pid: 0 (/kernel/7503CD47-851F-321E-8747-50DB4299165F)
After 1.70s, these clients are still here:
		remaining client pid: 11867 (/System/Library/PrivateFrameworks/Tourist.framework/Versions/A/Resources/touristd/E490939F-6EAB-3BF1-B6AF-F9E7173E086C)
		remaining client pid: 54590 (/usr/libexec/swcd/CEB4C66D-9E1E-3DFF-A1CC-27EE58A11CEC)
		remaining client pid: 2038 (/System/Library/PrivateFrameworks/ContactsDonation.framework/Versions/A/Support/contactsdonationagent/59E4492D-59E8-31DB-9A94-F77F439F31EA)
		remaining client pid: 1180 (/usr/bin/sudo/1307A12A-42E3-3C3B-8711-90D4B0A14F07)
		remaining client pid: 654 (/System/Library/Frameworks/CoreServices.framework/Versions/A/Frameworks/Metadata.framework/Versions/A/Support/corespotlightd/2FDF91F0-2AE0-3C6D-94B7-84D05EDA480C)
		remaining client pid: 624 (/System/Library/PrivateFrameworks/UserActivity.framework/Agents/useractivityd/13DEBB73-9AAD-3D2C-A7D2-C8FBF30D3661)
		remaining client pid: 135 (/usr/sbin/securityd/F9E372B6-5030-33F1-88B0-816D99A8C483)
		remaining client pid: 0 (/kernel/7503CD47-851F-321E-8747-50DB4299165F)
After 2.20s, these clients are still here:
		remaining client pid: 0 (/kernel/7503CD47-851F-321E-8747-50DB4299165F)
SIGTERM: [1576766332] All buffers flushed
After 0.64s, these clients are still here:
		remaining client pid: 27373 (/usr/libexec/secd/7AE93A11-EB87-3C94-A4A9-2BAB634EFE25)
		remaining client pid: 62189 (/usr/bin/sudo/1307A12A-42E3-3C3B-8711-90D4B0A14F07)
		remaining client pid: 51796 (/System/Library/PrivateFrameworks/SafariSafeBrowsing.framework/Versions/A/com.apple.Safari.SafeBrowsing.Service/546189ED-A740-3D4E-A1C4-984DCAE0D24C)
		remaining client pid: 46973 (/System/Library/PrivateFrameworks/ContactsDonation.framework/Versions/A/Support/contactsdonationagent/59E4492D-59E8-31DB-9A94-F77F439F31EA)
		remaining client pid: 26692 (/usr/local/lib/node_modules/expo-cli/node_modules/@expo/xdl/binaries/osx/adb/adb/6D743476-9893-38B0-BBE4-14DE7D0D5314)
		remaining client pid: 588 (/System/Library/Frameworks/CoreServices.framework/Versions/A/Frameworks/Metadata.framework/Versions/A/Support/corespotlightd/2FDF91F0-2AE0-3C6D-94B7-84D05EDA480C)
		remaining client pid: 605 (/System/Library/PrivateFrameworks/CoreCDP.framework/Versions/A/Resources/cdpd/7DFAA90C-95CC-3784-A8C9-32B369CBD8D5)
		remaining client pid: 673 (/System/Library/PrivateFrameworks/AuthKit.framework/Versions/A/Support/akd/835D3944-AF12-381E-B1B1-8075042E0FDB)
		remaining client pid: 635 (/System/Library/PrivateFrameworks/GeoServices.framework/Versions/A/XPCServices/com.apple.geod.xpc/Contents/MacOS/com.apple.geod/949C7509-BD6D-3D69-BB93-4A25F03C7421)
		remaining client pid: 550 (/System/Library/Frameworks/Accounts.framework/Versions/A/Support/accountsd/B7B3FE85-7612-3D73-969A-2AF9E8B59741)
		remaining client pid: 536 (/System/Library/PrivateFrameworks/CloudServices.framework/Helpers/com.apple.sbd/7AEF442A-ACFD-35EE-BC21-553D53158873)
		remaining client pid: 199 (/usr/libexec/trustd/300C7FBD-AC44-3761-9147-BDA6D3749EF0)
		remaining client pid: 135 (/usr/sbin/securityd/F9E372B6-5030-33F1-88B0-816D99A8C483)
		remaining client pid: 0 (/kernel/7503CD47-851F-321E-8747-50DB4299165F)
After 1.15s, these clients are still here:
		remaining client pid: 27373 (/usr/libexec/secd/7AE93A11-EB87-3C94-A4A9-2BAB634EFE25)
		remaining client pid: 62189 (/usr/bin/sudo/1307A12A-42E3-3C3B-8711-90D4B0A14F07)
		remaining client pid: 51796 (/System/Library/PrivateFrameworks/SafariSafeBrowsing.framework/Versions/A/com.apple.Safari.SafeBrowsing.Service/546189ED-A740-3D4E-A1C4-984DCAE0D24C)
		remaining client pid: 46973 (/System/Library/PrivateFrameworks/ContactsDonation.framework/Versions/A/Support/contactsdonationagent/59E4492D-59E8-31DB-9A94-F77F439F31EA)
		remaining client pid: 26692 (/usr/local/lib/node_modules/expo-cli/node_modules/@expo/xdl/binaries/osx/adb/adb/6D743476-9893-38B0-BBE4-14DE7D0D5314)
		remaining client pid: 588 (/System/Library/Frameworks/CoreServices.framework/Versions/A/Frameworks/Metadata.framework/Versions/A/Support/corespotlightd/2FDF91F0-2AE0-3C6D-94B7-84D05EDA480C)
		remaining client pid: 605 (/System/Library/PrivateFrameworks/CoreCDP.framework/Versions/A/Resources/cdpd/7DFAA90C-95CC-3784-A8C9-32B369CBD8D5)
		remaining client pid: 673 (/System/Library/PrivateFrameworks/AuthKit.framework/Versions/A/Support/akd/835D3944-AF12-381E-B1B1-8075042E0FDB)
		remaining client pid: 635 (/System/Library/PrivateFrameworks/GeoServices.framework/Versions/A/XPCServices/com.apple.geod.xpc/Contents/MacOS/com.apple.geod/949C7509-BD6D-3D69-BB93-4A25F03C7421)
		remaining client pid: 199 (/usr/libexec/trustd/300C7FBD-AC44-3761-9147-BDA6D3749EF0)
		remaining client pid: 135 (/usr/sbin/securityd/F9E372B6-5030-33F1-88B0-816D99A8C483)
		remaining client pid: 0 (/kernel/7503CD47-851F-321E-8747-50DB4299165F)
After 1.65s, these clients are still here:
		remaining client pid: 27373 (/usr/libexec/secd/7AE93A11-EB87-3C94-A4A9-2BAB634EFE25)
		remaining client pid: 62189 (/usr/bin/sudo/1307A12A-42E3-3C3B-8711-90D4B0A14F07)
		remaining client pid: 51796 (/System/Library/PrivateFrameworks/SafariSafeBrowsing.framework/Versions/A/com.apple.Safari.SafeBrowsing.Service/546189ED-A740-3D4E-A1C4-984DCAE0D24C)
		remaining client pid: 46973 (/System/Library/PrivateFrameworks/ContactsDonation.framework/Versions/A/Support/contactsdonationagent/59E4492D-59E8-31DB-9A94-F77F439F31EA)
		remaining client pid: 26692 (/usr/local/lib/node_modules/expo-cli/node_modules/@expo/xdl/binaries/osx/adb/adb/6D743476-9893-38B0-BBE4-14DE7D0D5314)
		remaining client pid: 588 (/System/Library/Frameworks/CoreServices.framework/Versions/A/Frameworks/Metadata.framework/Versions/A/Support/corespotlightd/2FDF91F0-2AE0-3C6D-94B7-84D05EDA480C)
		remaining client pid: 605 (/System/Library/PrivateFrameworks/CoreCDP.framework/Versions/A/Resources/cdpd/7DFAA90C-95CC-3784-A8C9-32B369CBD8D5)
		remaining client pid: 673 (/System/Library/PrivateFrameworks/AuthKit.framework/Versions/A/Support/akd/835D3944-AF12-381E-B1B1-8075042E0FDB)
		remaining client pid: 635 (/System/Library/PrivateFrameworks/GeoServices.framework/Versions/A/XPCServices/com.apple.geod.xpc/Contents/MacOS/com.apple.geod/949C7509-BD6D-3D69-BB93-4A25F03C7421)
		remaining client pid: 199 (/usr/libexec/trustd/300C7FBD-AC44-3761-9147-BDA6D3749EF0)
		remaining client pid: 135 (/usr/sbin/securityd/F9E372B6-5030-33F1-88B0-816D99A8C483)
		remaining client pid: 0 (/kernel/7503CD47-851F-321E-8747-50DB4299165F)
After 2.15s, these clients are still here:
		remaining client pid: 27373 (/usr/libexec/secd/7AE93A11-EB87-3C94-A4A9-2BAB634EFE25)
		remaining client pid: 62189 (/usr/bin/sudo/1307A12A-42E3-3C3B-8711-90D4B0A14F07)
		remaining client pid: 51796 (/System/Library/PrivateFrameworks/SafariSafeBrowsing.framework/Versions/A/com.apple.Safari.SafeBrowsing.Service/546189ED-A740-3D4E-A1C4-984DCAE0D24C)
		remaining client pid: 46973 (/System/Library/PrivateFrameworks/ContactsDonation.framework/Versions/A/Support/contactsdonationagent/59E4492D-59E8-31DB-9A94-F77F439F31EA)
		remaining client pid: 26692 (/usr/local/lib/node_modules/expo-cli/node_modules/@expo/xdl/binaries/osx/adb/adb/6D743476-9893-38B0-BBE4-14DE7D0D5314)
		remaining client pid: 588 (/System/Library/Frameworks/CoreServices.framework/Versions/A/Frameworks/Metadata.framework/Versions/A/Support/corespotlightd/2FDF91F0-2AE0-3C6D-94B7-84D05EDA480C)
		remaining client pid: 605 (/System/Library/PrivateFrameworks/CoreCDP.framework/Versions/A/Resources/cdpd/7DFAA90C-95CC-3784-A8C9-32B369CBD8D5)
		remaining client pid: 673 (/System/Library/PrivateFrameworks/AuthKit.framework/Versions/A/Support/akd/835D3944-AF12-381E-B1B1-8075042E0FDB)
		remaining client pid: 635 (/System/Library/PrivateFrameworks/GeoServices.framework/Versions/A/XPCServices/com.apple.geod.xpc/Contents/MacOS/com.apple.geod/949C7509-BD6D-3D69-BB93-4A25F03C7421)
		remaining client pid: 199 (/usr/libexec/trustd/300C7FBD-AC44-3761-9147-BDA6D3749EF0)
		remaining client pid: 135 (/usr/sbin/securityd/F9E372B6-5030-33F1-88B0-816D99A8C483)
		remaining client pid: 0 (/kernel/7503CD47-851F-321E-8747-50DB4299165F)
After 2.65s, these clients are still here:
		remaining client pid: 27373 (/usr/libexec/secd/7AE93A11-EB87-3C94-A4A9-2BAB634EFE25)
		remaining client pid: 62189 (/usr/bin/sudo/1307A12A-42E3-3C3B-8711-90D4B0A14F07)
		remaining client pid: 51796 (/System/Library/PrivateFrameworks/SafariSafeBrowsing.framework/Versions/A/com.apple.Safari.SafeBrowsing.Service/546189ED-A740-3D4E-A1C4-984DCAE0D24C)
		remaining client pid: 46973 (/System/Library/PrivateFrameworks/ContactsDonation.framework/Versions/A/Support/contactsdonationagent/59E4492D-59E8-31DB-9A94-F77F439F31EA)
		remaining client pid: 26692 (/usr/local/lib/node_modules/expo-cli/node_modules/@expo/xdl/binaries/osx/adb/adb/6D743476-9893-38B0-BBE4-14DE7D0D5314)
		remaining client pid: 588 (/System/Library/Frameworks/CoreServices.framework/Versions/A/Frameworks/Metadata.framework/Versions/A/Support/corespotlightd/2FDF91F0-2AE0-3C6D-94B7-84D05EDA480C)
		remaining client pid: 605 (/System/Library/PrivateFrameworks/CoreCDP.framework/Versions/A/Resources/cdpd/7DFAA90C-95CC-3784-A8C9-32B369CBD8D5)
		remaining client pid: 673 (/System/Library/PrivateFrameworks/AuthKit.framework/Versions/A/Support/akd/835D3944-AF12-381E-B1B1-8075042E0FDB)
		remaining client pid: 635 (/System/Library/PrivateFrameworks/GeoServices.framework/Versions/A/XPCServices/com.apple.geod.xpc/Contents/MacOS/com.apple.geod/949C7509-BD6D-3D69-BB93-4A25F03C7421)
		remaining client pid: 135 (/usr/sbin/securityd/F9E372B6-5030-33F1-88B0-816D99A8C483)
		remaining client pid: 0 (/kernel/7503CD47-851F-321E-8747-50DB4299165F)
After 3.15s, these clients are still here:
		remaining client pid: 27373 (/usr/libexec/secd/7AE93A11-EB87-3C94-A4A9-2BAB634EFE25)
		remaining client pid: 62189 (/usr/bin/sudo/1307A12A-42E3-3C3B-8711-90D4B0A14F07)
		remaining client pid: 51796 (/System/Library/PrivateFrameworks/SafariSafeBrowsing.framework/Versions/A/com.apple.Safari.SafeBrowsing.Service/546189ED-A740-3D4E-A1C4-984DCAE0D24C)
		remaining client pid: 46973 (/System/Library/PrivateFrameworks/ContactsDonation.framework/Versions/A/Support/contactsdonationagent/59E4492D-59E8-31DB-9A94-F77F439F31EA)
		remaining client pid: 26692 (/usr/local/lib/node_modules/expo-cli/node_modules/@expo/xdl/binaries/osx/adb/adb/6D743476-9893-38B0-BBE4-14DE7D0D5314)
		remaining client pid: 588 (/System/Library/Frameworks/CoreServices.framework/Versions/A/Frameworks/Metadata.framework/Versions/A/Support/corespotlightd/2FDF91F0-2AE0-3C6D-94B7-84D05EDA480C)
		remaining client pid: 605 (/System/Library/PrivateFrameworks/CoreCDP.framework/Versions/A/Resources/cdpd/7DFAA90C-95CC-3784-A8C9-32B369CBD8D5)
		remaining client pid: 673 (/System/Library/PrivateFrameworks/AuthKit.framework/Versions/A/Support/akd/835D3944-AF12-381E-B1B1-8075042E0FDB)
		remaining client pid: 635 (/System/Library/PrivateFrameworks/GeoServices.framework/Versions/A/XPCServices/com.apple.geod.xpc/Contents/MacOS/com.apple.geod/949C7509-BD6D-3D69-BB93-4A25F03C7421)
		remaining client pid: 135 (/usr/sbin/securityd/F9E372B6-5030-33F1-88B0-816D99A8C483)
		remaining client pid: 0 (/kernel/7503CD47-851F-321E-8747-50DB4299165F)
After 3.65s, these clients are still here:
		remaining client pid: 27373 (/usr/libexec/secd/7AE93A11-EB87-3C94-A4A9-2BAB634EFE25)
		remaining client pid: 62189 (/usr/bin/sudo/1307A12A-42E3-3C3B-8711-90D4B0A14F07)
		remaining client pid: 51796 (/System/Library/PrivateFrameworks/SafariSafeBrowsing.framework/Versions/A/com.apple.Safari.SafeBrowsing.Service/546189ED-A740-3D4E-A1C4-984DCAE0D24C)
		remaining client pid: 46973 (/System/Library/PrivateFrameworks/ContactsDonation.framework/Versions/A/Support/contactsdonationagent/59E4492D-59E8-31DB-9A94-F77F439F31EA)
		remaining client pid: 26692 (/usr/local/lib/node_modules/expo-cli/node_modules/@expo/xdl/binaries/osx/adb/adb/6D743476-9893-38B0-BBE4-14DE7D0D5314)
		remaining client pid: 588 (/System/Library/Frameworks/CoreServices.framework/Versions/A/Frameworks/Metadata.framework/Versions/A/Support/corespotlightd/2FDF91F0-2AE0-3C6D-94B7-84D05EDA480C)
		remaining client pid: 605 (/System/Library/PrivateFrameworks/CoreCDP.framework/Versions/A/Resources/cdpd/7DFAA90C-95CC-3784-A8C9-32B369CBD8D5)
		remaining client pid: 673 (/System/Library/PrivateFrameworks/AuthKit.framework/Versions/A/Support/akd/835D3944-AF12-381E-B1B1-8075042E0FDB)
		remaining client pid: 635 (/System/Library/PrivateFrameworks/GeoServices.framework/Versions/A/XPCServices/com.apple.geod.xpc/Contents/MacOS/com.apple.geod/949C7509-BD6D-3D69-BB93-4A25F03C7421)
		remaining client pid: 135 (/usr/sbin/securityd/F9E372B6-5030-33F1-88B0-816D99A8C483)
		remaining client pid: 0 (/kernel/7503CD47-851F-321E-8747-50DB4299165F)
After 4.15s, these clients are still here:
		remaining client pid: 27373 (/usr/libexec/secd/7AE93A11-EB87-3C94-A4A9-2BAB634EFE25)
		remaining client pid: 62189 (/usr/bin/sudo/1307A12A-42E3-3C3B-8711-90D4B0A14F07)
		remaining client pid: 51796 (/System/Library/PrivateFrameworks/SafariSafeBrowsing.framework/Versions/A/com.apple.Safari.SafeBrowsing.Service/546189ED-A740-3D4E-A1C4-984DCAE0D24C)
		remaining client pid: 46973 (/System/Library/PrivateFrameworks/ContactsDonation.framework/Versions/A/Support/contactsdonationagent/59E4492D-59E8-31DB-9A94-F77F439F31EA)
		remaining client pid: 26692 (/usr/local/lib/node_modules/expo-cli/node_modules/@expo/xdl/binaries/osx/adb/adb/6D743476-9893-38B0-BBE4-14DE7D0D5314)
		remaining client pid: 588 (/System/Library/Frameworks/CoreServices.framework/Versions/A/Frameworks/Metadata.framework/Versions/A/Support/corespotlightd/2FDF91F0-2AE0-3C6D-94B7-84D05EDA480C)
		remaining client pid: 605 (/System/Library/PrivateFrameworks/CoreCDP.framework/Versions/A/Resources/cdpd/7DFAA90C-95CC-3784-A8C9-32B369CBD8D5)
		remaining client pid: 673 (/System/Library/PrivateFrameworks/AuthKit.framework/Versions/A/Support/akd/835D3944-AF12-381E-B1B1-8075042E0FDB)
		remaining client pid: 635 (/System/Library/PrivateFrameworks/GeoServices.framework/Versions/A/XPCServices/com.apple.geod.xpc/Contents/MacOS/com.apple.geod/949C7509-BD6D-3D69-BB93-4A25F03C7421)
		remaining client pid: 135 (/usr/sbin/securityd/F9E372B6-5030-33F1-88B0-816D99A8C483)
		remaining client pid: 0 (/kernel/7503CD47-851F-321E-8747-50DB4299165F)
After 4.66s, these clients are still here:
		remaining client pid: 0 (/kernel/7503CD47-851F-321E-8747-50DB4299165F)
SIGTERM: [1577187539] All buffers flushed
